<?xml version="1.0" encoding="UTF-8"?>
<!-- Generated by org.testng.reporters.JUnitReportReporter -->
<testsuite hostname="DESKTOP-PUVS58N" failures="0" tests="7" name="cucumberOptions.TestNGRunner" time="0.440" errors="0" timestamp="2024-04-23T21:36:36 IST" skipped="0">
  <testcase classname="cucumberOptions.TestNGRunner" name="runScenario" time="0.212"/>
  <testcase classname="cucumberOptions.TestNGRunner" name="runScenario" time="0.063"/>
  <testcase classname="cucumberOptions.TestNGRunner" name="runScenario" time="0.051"/>
  <testcase classname="cucumberOptions.TestNGRunner" name="runScenario" time="0.023"/>
  <testcase classname="cucumberOptions.TestNGRunner" name="runScenario" time="0.035"/>
  <testcase classname="cucumberOptions.TestNGRunner" name="runScenario" time="0.031"/>
  <testcase classname="cucumberOptions.TestNGRunner" name="runScenario" time="0.025"/>
</testsuite> <!-- cucumberOptions.TestNGRunner -->
